<?xml version="1.0" encoding="UTF-8"?>
<!-- Generated by org.testng.reporters.JUnitReportReporter -->
<testsuite hostname="Manu" failures="0" tests="1" name="api.test.UserTests" time="3.472" errors="0" timestamp="2024-12-16T11:36:13 IST" skipped="0">
  <testcase classname="api.test.UserTests" name="PostUser" time="3.472"/>
  <system-out/>
</testsuite> <!-- api.test.UserTests -->
