<?xml version="1.0" encoding="UTF-8"?>
<!-- Generated by org.testng.reporters.JUnitReportReporter -->
<testsuite hostname="Manu" failures="0" tests="10" name="api.test.BookTest" time="20.205" errors="0" timestamp="2024-12-16T19:39:06 IST" skipped="0">
  <testcase classname="api.test.BookTest" name="testPostClient" time="4.026"/>
  <testcase classname="api.test.BookTest" name="testGetBookStatus" time="1.399"/>
  <testcase classname="api.test.BookTest" name="testGetAllBooks" time="1.836"/>
  <testcase classname="api.test.BookTest" name="testGetSingleBooks" time="2.007"/>
  <testcase classname="api.test.BookTest" name="testPostOrder" time="1.952"/>
  <testcase classname="api.test.BookTest" name="testGetAllOrders" time="1.626"/>
  <testcase classname="api.test.BookTest" name="testGetSingleOrders" time="2.051"/>
  <testcase classname="api.test.BookTest" name="testPatchOrders" time="1.941"/>
  <testcase classname="api.test.BookTest" name="testGetSingleOrders1" time="1.642"/>
  <testcase classname="api.test.BookTest" name="testDeleteOrder" time="1.725"/>
</testsuite> <!-- api.test.BookTest -->
