<?xml version="1.0" encoding="UTF-8"?>
<!-- Generated by org.testng.reporters.JUnitReportReporter -->
<testsuite hostname="Manu" failures="0" tests="10" name="api.test.BookTest" time="19.530" errors="0" timestamp="2024-12-16T19:43:16 IST" skipped="0">
  <testcase classname="api.test.BookTest" name="testPostClient" time="4.285"/>
  <system-out/>
  <testcase classname="api.test.BookTest" name="testGetBookStatus" time="1.468"/>
  <system-out/>
  <testcase classname="api.test.BookTest" name="testGetAllBooks" time="1.942"/>
  <system-out/>
  <testcase classname="api.test.BookTest" name="testGetSingleBooks" time="1.520"/>
  <system-out/>
  <testcase classname="api.test.BookTest" name="testPostOrder" time="1.504"/>
  <system-out/>
  <testcase classname="api.test.BookTest" name="testGetAllOrders" time="2.658"/>
  <system-out/>
  <testcase classname="api.test.BookTest" name="testGetSingleOrders" time="1.541"/>
  <system-out/>
  <testcase classname="api.test.BookTest" name="testPatchOrders" time="1.663"/>
  <system-out/>
  <testcase classname="api.test.BookTest" name="testGetSingleOrders1" time="1.513"/>
  <system-out/>
  <testcase classname="api.test.BookTest" name="testDeleteOrder" time="1.436"/>
  <system-out/>
</testsuite> <!-- api.test.BookTest -->
